<?xml version="1.0" encoding="UTF-8"?>
<!-- Generated by org.testng.reporters.JUnitXMLReporter -->
<testsuite ignored="1" hostname="COS-874531-L1" failures="1" tests="3" name="Only4" time="0.044" errors="0" timestamp="2019-11-04T22:37:03 MST">
  <testcase classname="teststart.Test4" name="Demo10" time="0.002"/>
  <testcase classname="teststart.Test4" name="Demo11" time="0.015"/>
  <testcase classname="teststart.Test4" name="Demo8" time="0.0">
    <failure type="org.testng.TestNGException" message="
Parameter &amp;apos;Id&amp;apos; is required by @Test on method Demo8 but has not been marked @Optional or defined
in C:\Users\874531\eclipse-workspace-old\TestNGstart\testng.xml">
      <![CDATA[org.testng.TestNGException: 
Parameter 'Id' is required by @Test on method Demo8 but has not been marked @Optional or defined
in C:\Users\874531\eclipse-workspace-old\TestNGstart\testng.xml
at java.base/java.util.ArrayList.forEach(ArrayList.java:1540)
... Removed 26 stack frames]]>
    </failure>
  </testcase> <!-- Demo8 -->
  <testcase classname="teststart.Test4" name="Demo9" time="0.0">
    <ignored/>
  </testcase> <!-- Demo9 -->
</testsuite> <!-- Only4 -->
