<?xml version="1.0" encoding="UTF-8"?>
<!-- Generated by org.testng.reporters.JUnitXMLReporter -->
<testsuite ignored="1" hostname="COS-874531-L1" failures="0" tests="2" name="Test" time="0.062" errors="0" timestamp="2019-11-04T22:37:03 MST">
  <testcase classname="teststart.Test1" name="Demo2" time="0.009"/>
  <testcase classname="teststart.Test2" name="Demo3" time="0.004"/>
  <testcase classname="teststart.Test1" name="Demo1" time="0.0">
    <ignored/>
  </testcase> <!-- Demo1 -->
</testsuite> <!-- Test -->
